<?xml version="1.0" encoding="UTF-8" standalone="no"?>
<!DOCTYPE log SYSTEM "logger.dtd">
<log>
</log>
<?xml version="1.0" encoding="UTF-8" standalone="no"?>
<!DOCTYPE log SYSTEM "logger.dtd">
<log>
</log>
нояб. 30, 2023 12:27:58 AM lab5.CustomInputMismatchException logException
SEVERE: Произошло исключение!
java.util.InputMismatchException
	at java.base/java.util.Scanner.throwFor(Scanner.java:947)
	at java.base/java.util.Scanner.next(Scanner.java:1602)
	at java.base/java.util.Scanner.nextInt(Scanner.java:2267)
	at java.base/java.util.Scanner.nextInt(Scanner.java:2221)
	at lab5.CustomInputMismatchException.main(CustomInputMismatchException.java:16)

<?xml version="1.0" encoding="UTF-8" standalone="no"?>
<!DOCTYPE log SYSTEM "logger.dtd">
<log>
</log>
